<?xml version="1.0" encoding="UTF-8"?>
<!-- Generated by org.testng.reporters.JUnitReportReporter -->
<testsuite hostname="DESKTOP-GH87THQ" failures="0" tests="1" name="com.test.TestCasesPF" time="9.010" errors="0" timestamp="06 Jan 2022 03:02:40 GMT" skipped="0">
  <testcase classname="com.test.TestCasesPF" name="testSignIn" time="9.010"/>
</testsuite> <!-- com.test.TestCasesPF -->
