<?xml version="1.0" encoding="UTF-8"?>
<!-- Generated by org.testng.reporters.JUnitReportReporter -->
<testsuite hostname="DESKTOP-GH87THQ" failures="0" tests="1" name="com.test.TestCases" time="12.643" errors="0" timestamp="06 Jan 2022 02:51:07 GMT" skipped="0">
  <testcase classname="com.test.TestCases" name="testSignIn" time="12.643"/>
</testsuite> <!-- com.test.TestCases -->
