<?xml version="1.0" encoding="UTF-8"?>
<!-- Generated by org.testng.reporters.JUnitReportReporter -->
<testsuite hostname="DESKTOP-GH87THQ" failures="0" tests="1" name="com.test.TestCases" time="31.346" errors="0" timestamp="08 Jan 2022 05:49:02 GMT" skipped="0">
  <testcase classname="com.test.TestCases" name="testSignIn" time="31.346"/>
</testsuite> <!-- com.test.TestCases -->
